{
  "stats": {
    "suites": 1,
    "tests": 1,
    "passes": 1,
    "pending": 0,
    "failures": 0,
    "start": "2025-05-15T09:14:37.337Z",
    "end": "2025-05-15T09:14:38.560Z",
    "duration": 1223,
    "testsRegistered": 1,
    "passPercent": 100,
    "pendingPercent": 0,
    "other": 0,
    "hasOther": false,
    "skipped": 0,
    "hasSkipped": false
  },
  "results": [
    {
      "uuid": "a42379bd-d4c9-42c4-8e0c-dfb39255a592",
      "title": "",
      "fullFile": "cypress\\e2e\\updateUser.cy.js",
      "file": "cypress\\e2e\\updateUser.cy.js",
      "beforeHooks": [],
      "afterHooks": [],
      "tests": [],
      "suites": [
        {
          "uuid": "cef321fa-617e-44b0-8f15-895a5ba21003",
          "title": "PUT Update User",
          "fullFile": "",
          "file": "",
          "beforeHooks": [],
          "afterHooks": [],
          "tests": [
            {
              "title": "should update user with new data",
              "fullTitle": "PUT Update User should update user with new data",
              "timedOut": null,
              "duration": 1195,
              "state": "passed",
              "speed": "fast",
              "pass": true,
              "fail": false,
              "pending": false,
              "context": null,
              "code": "cy.reqresRequest({\n  method: 'PUT',\n  url: '/api/users/2',\n  body: {\n    name: 'morpheus',\n    job: 'zion leader'\n  }\n}).then(response => {\n  expect(response.status).to.eq(200);\n  expect(response.body).to.have.property('updatedAt');\n});",
              "err": {},
              "uuid": "d7a5bbf7-ec4d-45fd-a643-f51ed4d51f25",
              "parentUUID": "cef321fa-617e-44b0-8f15-895a5ba21003",
              "isHook": false,
              "skipped": false
            }
          ],
          "suites": [],
          "passes": [
            "d7a5bbf7-ec4d-45fd-a643-f51ed4d51f25"
          ],
          "failures": [],
          "pending": [],
          "skipped": [],
          "duration": 1195,
          "root": false,
          "rootEmpty": false,
          "_timeout": 2000
        }
      ],
      "passes": [],
      "failures": [],
      "pending": [],
      "skipped": [],
      "duration": 0,
      "root": true,
      "rootEmpty": true,
      "_timeout": 2000
    }
  ],
  "meta": {
    "mocha": {
      "version": "7.2.0"
    },
    "mochawesome": {
      "options": {
        "quiet": false,
        "reportFilename": "mochawesome",
        "saveHtml": true,
        "saveJson": true,
        "consoleReporter": "spec",
        "useInlineDiffs": false,
        "code": true
      },
      "version": "7.1.3"
    },
    "marge": {
      "options": {
        "reportDir": "cypress/reports",
        "overwrite": true,
        "html": true,
        "json": true
      },
      "version": "6.2.0"
    }
  }
}