{
  "stats": {
    "suites": 1,
    "tests": 1,
    "passes": 1,
    "pending": 0,
    "failures": 0,
    "start": "2025-05-14T12:09:44.916Z",
    "end": "2025-05-14T12:09:45.532Z",
    "duration": 616,
    "testsRegistered": 1,
    "passPercent": 100,
    "pendingPercent": 0,
    "other": 0,
    "hasOther": false,
    "skipped": 0,
    "hasSkipped": false
  },
  "results": [
    {
      "uuid": "363134ff-c025-4e64-8d4b-0041490920df",
      "title": "",
      "fullFile": "cypress\\e2e\\deleteUser.cy.js",
      "file": "cypress\\e2e\\deleteUser.cy.js",
      "beforeHooks": [],
      "afterHooks": [],
      "tests": [],
      "suites": [
        {
          "uuid": "363572c8-6bd3-4773-b4cf-dcd7a383cb46",
          "title": "DELETE User",
          "fullFile": "",
          "file": "",
          "beforeHooks": [],
          "afterHooks": [],
          "tests": [
            {
              "title": "should delete user with id 2",
              "fullTitle": "DELETE User should delete user with id 2",
              "timedOut": null,
              "duration": 575,
              "state": "passed",
              "speed": "fast",
              "pass": true,
              "fail": false,
              "pending": false,
              "context": null,
              "code": "cy.reqresRequest({\n  method: 'DELETE',\n  url: '/api/users/2'\n}).then(response => {\n  expect(response.status).to.eq(204);\n});",
              "err": {},
              "uuid": "177da90c-898c-43bb-986f-067ec5dcc1ec",
              "parentUUID": "363572c8-6bd3-4773-b4cf-dcd7a383cb46",
              "isHook": false,
              "skipped": false
            }
          ],
          "suites": [],
          "passes": [
            "177da90c-898c-43bb-986f-067ec5dcc1ec"
          ],
          "failures": [],
          "pending": [],
          "skipped": [],
          "duration": 575,
          "root": false,
          "rootEmpty": false,
          "_timeout": 2000
        }
      ],
      "passes": [],
      "failures": [],
      "pending": [],
      "skipped": [],
      "duration": 0,
      "root": true,
      "rootEmpty": true,
      "_timeout": 2000
    }
  ],
  "meta": {
    "mocha": {
      "version": "7.2.0"
    },
    "mochawesome": {
      "options": {
        "quiet": false,
        "reportFilename": "mochawesome",
        "saveHtml": true,
        "saveJson": true,
        "consoleReporter": "spec",
        "useInlineDiffs": false,
        "code": true
      },
      "version": "7.1.3"
    },
    "marge": {
      "options": {
        "reportDir": "cypress/reports",
        "overwrite": false,
        "html": true,
        "json": true
      },
      "version": "6.2.0"
    }
  }
}