{
  "stats": {
    "suites": 1,
    "tests": 1,
    "passes": 1,
    "pending": 0,
    "failures": 0,
    "start": "2025-05-14T12:09:48.247Z",
    "end": "2025-05-14T12:09:48.521Z",
    "duration": 274,
    "testsRegistered": 1,
    "passPercent": 100,
    "pendingPercent": 0,
    "other": 0,
    "hasOther": false,
    "skipped": 0,
    "hasSkipped": false
  },
  "results": [
    {
      "uuid": "09eec7c6-58d1-44e0-9b06-579a02e4c763",
      "title": "",
      "fullFile": "cypress\\e2e\\getUser.cy.js",
      "file": "cypress\\e2e\\getUser.cy.js",
      "beforeHooks": [],
      "afterHooks": [],
      "tests": [],
      "suites": [
        {
          "uuid": "65013297-c7a2-4f6d-9a4f-caa9ecc88730",
          "title": "GET Single User",
          "fullFile": "",
          "file": "",
          "beforeHooks": [],
          "afterHooks": [],
          "tests": [
            {
              "title": "should fetch user with id 2",
              "fullTitle": "GET Single User should fetch user with id 2",
              "timedOut": null,
              "duration": 223,
              "state": "passed",
              "speed": "fast",
              "pass": true,
              "fail": false,
              "pending": false,
              "context": null,
              "code": "cy.reqresRequest({\n  method: 'GET',\n  url: '/api/users/2'\n}).then(response => {\n  expect(response.status).to.eq(200);\n  expect(response.body.data).to.have.property('id', 2);\n});",
              "err": {},
              "uuid": "edf27c15-4fee-4440-8ad8-80149ff412c7",
              "parentUUID": "65013297-c7a2-4f6d-9a4f-caa9ecc88730",
              "isHook": false,
              "skipped": false
            }
          ],
          "suites": [],
          "passes": [
            "edf27c15-4fee-4440-8ad8-80149ff412c7"
          ],
          "failures": [],
          "pending": [],
          "skipped": [],
          "duration": 223,
          "root": false,
          "rootEmpty": false,
          "_timeout": 2000
        }
      ],
      "passes": [],
      "failures": [],
      "pending": [],
      "skipped": [],
      "duration": 0,
      "root": true,
      "rootEmpty": true,
      "_timeout": 2000
    }
  ],
  "meta": {
    "mocha": {
      "version": "7.2.0"
    },
    "mochawesome": {
      "options": {
        "quiet": false,
        "reportFilename": "mochawesome",
        "saveHtml": true,
        "saveJson": true,
        "consoleReporter": "spec",
        "useInlineDiffs": false,
        "code": true
      },
      "version": "7.1.3"
    },
    "marge": {
      "options": {
        "reportDir": "cypress/reports",
        "overwrite": false,
        "html": true,
        "json": true
      },
      "version": "6.2.0"
    }
  }
}